<?xml version="1.0" encoding="UTF-8"?>
<!-- Generated by org.testng.reporters.JUnitReportReporter -->
<testsuite hostname="DESKTOP-593KBMN" name="com.bonsai.app.test_loginflow" tests="1" failures="0" timestamp="6 Dec 2017 12:13:55 GMT" time="4.356" errors="0">
  <testcase name="setup" time="4.356" classname="com.bonsai.app.test_loginflow"/>
</testsuite> <!-- com.bonsai.app.test_loginflow -->
