<?xml version="1.0" encoding="UTF-8"?>
<!-- Generated by org.testng.reporters.JUnitReportReporter -->
<testsuite hostname="DESKTOP-593KBMN" name="com.bonsai.app.createaccount" tests="1" failures="0" timestamp="30 Nov 2017 12:01:27 GMT" time="32.362" errors="0">
  <testcase name="homepagenavigation" time="32.362" classname="com.bonsai.app.createaccount"/>
</testsuite> <!-- com.bonsai.app.createaccount -->
