<?xml version="1.0" encoding="UTF-8"?>
<!-- Generated by org.testng.reporters.JUnitReportReporter -->
<testsuite hostname="DESKTOP-593KBMN" name="com.bonsai.app.Test_GiftFinder" tests="2" failures="0" timestamp="14 Dec 2017 09:13:34 GMT" time="17.420" errors="0">
  <testcase name="giftfindinder" time="4.790" classname="com.bonsai.app.Test_GiftFinder"/>
  <testcase name="login" time="12.630" classname="com.bonsai.app.Test_GiftFinder"/>
</testsuite> <!-- com.bonsai.app.Test_GiftFinder -->
