<?xml version="1.0" encoding="UTF-8"?>
<!-- Generated by org.testng.reporters.JUnitReportReporter -->
<testsuite hostname="DESKTOP-593KBMN" name="com.bonsai.app.test_createaccount" tests="1" failures="0" timestamp="6 Dec 2017 11:04:19 GMT" time="6.609" errors="0">
  <testcase name="homepagenavigation" time="6.609" classname="com.bonsai.app.test_createaccount"/>
</testsuite> <!-- com.bonsai.app.test_createaccount -->
